<?xml version="1.0" encoding="UTF-8"?>
<testsuite xmlns:xsi="http://www.w3.org/2001/XMLSchema-instance" xsi:noNamespaceSchemaLocation="https://maven.apache.org/surefire/maven-surefire-plugin/xsd/surefire-test-report-3.0.xsd" version="3.0" name="TestSuite" time="42.153" tests="4" errors="0" skipped="0" failures="0">
  <properties>
    <property name="surefire.suiteXmlFiles" value="/Users/DRJetti/Downloads/Framework_With_Cucumber/testng.xml"/>
    <property name="java.specification.version" value="17"/>
    <property name="sun.jnu.encoding" value="UTF-8"/>
    <property name="java.class.path" value="/Users/DRJetti/Downloads/Framework_With_Cucumber/target/test-classes:/Users/DRJetti/Downloads/Framework_With_Cucumber/target/classes:/Users/DRJetti/.m2/repository/io/github/bonigarcia/webdrivermanager/4.1.0/webdrivermanager-4.1.0.jar:/Users/DRJetti/.m2/repository/org/slf4j/slf4j-api/1.7.30/slf4j-api-1.7.30.jar:/Users/DRJetti/.m2/repository/com/google/code/gson/gson/2.8.6/gson-2.8.6.jar:/Users/DRJetti/.m2/repository/org/apache/commons/commons-lang3/3.10/commons-lang3-3.10.jar:/Users/DRJetti/.m2/repository/org/apache/httpcomponents/client5/httpclient5/5.0.1/httpclient5-5.0.1.jar:/Users/DRJetti/.m2/repository/org/apache/httpcomponents/core5/httpcore5/5.0.1/httpcore5-5.0.1.jar:/Users/DRJetti/.m2/repository/org/apache/httpcomponents/core5/httpcore5-h2/5.0.1/httpcore5-h2-5.0.1.jar:/Users/DRJetti/.m2/repository/org/rauschig/jarchivelib/1.0.0/jarchivelib-1.0.0.jar:/Users/DRJetti/.m2/repository/org/jsoup/jsoup/1.13.1/jsoup-1.13.1.jar:/Users/DRJetti/.m2/repository/commons-io/commons-io/2.8.0/commons-io-2.8.0.jar:/Users/DRJetti/.m2/repository/org/seleniumhq/selenium/selenium-java/3.141.59/selenium-java-3.141.59.jar:/Users/DRJetti/.m2/repository/org/seleniumhq/selenium/selenium-api/3.141.59/selenium-api-3.141.59.jar:/Users/DRJetti/.m2/repository/org/seleniumhq/selenium/selenium-chrome-driver/3.141.59/selenium-chrome-driver-3.141.59.jar:/Users/DRJetti/.m2/repository/org/seleniumhq/selenium/selenium-edge-driver/3.141.59/selenium-edge-driver-3.141.59.jar:/Users/DRJetti/.m2/repository/org/seleniumhq/selenium/selenium-firefox-driver/3.141.59/selenium-firefox-driver-3.141.59.jar:/Users/DRJetti/.m2/repository/org/seleniumhq/selenium/selenium-ie-driver/3.141.59/selenium-ie-driver-3.141.59.jar:/Users/DRJetti/.m2/repository/org/seleniumhq/selenium/selenium-opera-driver/3.141.59/selenium-opera-driver-3.141.59.jar:/Users/DRJetti/.m2/repository/org/seleniumhq/selenium/selenium-remote-driver/3.141.59/selenium-remote-driver-3.141.59.jar:/Users/DRJetti/.m2/repository/org/seleniumhq/selenium/selenium-safari-driver/3.141.59/selenium-safari-driver-3.141.59.jar:/Users/DRJetti/.m2/repository/org/seleniumhq/selenium/selenium-support/3.141.59/selenium-support-3.141.59.jar:/Users/DRJetti/.m2/repository/net/bytebuddy/byte-buddy/1.8.15/byte-buddy-1.8.15.jar:/Users/DRJetti/.m2/repository/org/apache/commons/commons-exec/1.3/commons-exec-1.3.jar:/Users/DRJetti/.m2/repository/com/google/guava/guava/25.0-jre/guava-25.0-jre.jar:/Users/DRJetti/.m2/repository/com/google/code/findbugs/jsr305/1.3.9/jsr305-1.3.9.jar:/Users/DRJetti/.m2/repository/org/checkerframework/checker-compat-qual/2.0.0/checker-compat-qual-2.0.0.jar:/Users/DRJetti/.m2/repository/com/google/errorprone/error_prone_annotations/2.1.3/error_prone_annotations-2.1.3.jar:/Users/DRJetti/.m2/repository/com/google/j2objc/j2objc-annotations/1.1/j2objc-annotations-1.1.jar:/Users/DRJetti/.m2/repository/org/codehaus/mojo/animal-sniffer-annotations/1.14/animal-sniffer-annotations-1.14.jar:/Users/DRJetti/.m2/repository/com/squareup/okhttp3/okhttp/3.11.0/okhttp-3.11.0.jar:/Users/DRJetti/.m2/repository/com/squareup/okio/okio/1.14.0/okio-1.14.0.jar:/Users/DRJetti/.m2/repository/org/testng/testng/7.3.0/testng-7.3.0.jar:/Users/DRJetti/.m2/repository/com/beust/jcommander/1.78/jcommander-1.78.jar:/Users/DRJetti/.m2/repository/org/apache/ant/ant/1.10.3/ant-1.10.3.jar:/Users/DRJetti/.m2/repository/org/apache/ant/ant-launcher/1.10.3/ant-launcher-1.10.3.jar:/Users/DRJetti/.m2/repository/junit/junit/4.12/junit-4.12.jar:/Users/DRJetti/.m2/repository/org/hamcrest/hamcrest-core/1.3/hamcrest-core-1.3.jar:/Users/DRJetti/.m2/repository/com/google/inject/guice/4.2.2/guice-4.2.2-no_aop.jar:/Users/DRJetti/.m2/repository/javax/inject/javax.inject/1/javax.inject-1.jar:/Users/DRJetti/.m2/repository/aopalliance/aopalliance/1.0/aopalliance-1.0.jar:/Users/DRJetti/.m2/repository/org/yaml/snakeyaml/1.21/snakeyaml-1.21.jar:/Users/DRJetti/.m2/repository/io/rest-assured/rest-assured/4.3.0/rest-assured-4.3.0.jar:/Users/DRJetti/.m2/repository/org/codehaus/groovy/groovy/3.0.2/groovy-3.0.2.jar:/Users/DRJetti/.m2/repository/org/codehaus/groovy/groovy-xml/3.0.2/groovy-xml-3.0.2.jar:/Users/DRJetti/.m2/repository/org/apache/httpcomponents/httpclient/4.5.3/httpclient-4.5.3.jar:/Users/DRJetti/.m2/repository/org/apache/httpcomponents/httpcore/4.4.6/httpcore-4.4.6.jar:/Users/DRJetti/.m2/repository/commons-logging/commons-logging/1.2/commons-logging-1.2.jar:/Users/DRJetti/.m2/repository/org/apache/httpcomponents/httpmime/4.5.3/httpmime-4.5.3.jar:/Users/DRJetti/.m2/repository/org/hamcrest/hamcrest/2.1/hamcrest-2.1.jar:/Users/DRJetti/.m2/repository/org/ccil/cowan/tagsoup/tagsoup/1.2.1/tagsoup-1.2.1.jar:/Users/DRJetti/.m2/repository/io/rest-assured/json-path/4.3.0/json-path-4.3.0.jar:/Users/DRJetti/.m2/repository/org/codehaus/groovy/groovy-json/3.0.2/groovy-json-3.0.2.jar:/Users/DRJetti/.m2/repository/io/rest-assured/rest-assured-common/4.3.0/rest-assured-common-4.3.0.jar:/Users/DRJetti/.m2/repository/io/rest-assured/xml-path/4.3.0/xml-path-4.3.0.jar:/Users/DRJetti/.m2/repository/jakarta/xml/bind/jakarta.xml.bind-api/2.3.2/jakarta.xml.bind-api-2.3.2.jar:/Users/DRJetti/.m2/repository/jakarta/activation/jakarta.activation-api/1.2.1/jakarta.activation-api-1.2.1.jar:/Users/DRJetti/.m2/repository/com/sun/xml/bind/jaxb-osgi/2.3.0.1/jaxb-osgi-2.3.0.1.jar:/Users/DRJetti/.m2/repository/org/apache/sling/org.apache.sling.javax.activation/0.1.0/org.apache.sling.javax.activation-0.1.0.jar:/Users/DRJetti/.m2/repository/javax/activation/activation/1.1.1/activation-1.1.1.jar:/Users/DRJetti/.m2/repository/org/apache/poi/poi/4.1.0/poi-4.1.0.jar:/Users/DRJetti/.m2/repository/commons-codec/commons-codec/1.12/commons-codec-1.12.jar:/Users/DRJetti/.m2/repository/org/apache/commons/commons-collections4/4.3/commons-collections4-4.3.jar:/Users/DRJetti/.m2/repository/org/apache/commons/commons-math3/3.6.1/commons-math3-3.6.1.jar:/Users/DRJetti/.m2/repository/org/apache/poi/poi-ooxml/4.1.0/poi-ooxml-4.1.0.jar:/Users/DRJetti/.m2/repository/org/apache/poi/poi-ooxml-schemas/4.1.0/poi-ooxml-schemas-4.1.0.jar:/Users/DRJetti/.m2/repository/org/apache/xmlbeans/xmlbeans/3.1.0/xmlbeans-3.1.0.jar:/Users/DRJetti/.m2/repository/org/apache/commons/commons-compress/1.18/commons-compress-1.18.jar:/Users/DRJetti/.m2/repository/com/github/virtuald/curvesapi/1.06/curvesapi-1.06.jar:/Users/DRJetti/.m2/repository/com/aventstack/extentreports/3.1.5/extentreports-3.1.5.jar:/Users/DRJetti/.m2/repository/org/freemarker/freemarker/2.3.23/freemarker-2.3.23.jar:/Users/DRJetti/.m2/repository/org/mongodb/mongodb-driver/3.3.0/mongodb-driver-3.3.0.jar:/Users/DRJetti/.m2/repository/org/mongodb/bson/3.3.0/bson-3.3.0.jar:/Users/DRJetti/.m2/repository/org/mongodb/mongodb-driver-core/3.3.0/mongodb-driver-core-3.3.0.jar:/Users/DRJetti/.m2/repository/io/cucumber/cucumber-testng/4.3.1/cucumber-testng-4.3.1.jar:/Users/DRJetti/.m2/repository/io/cucumber/cucumber-core/4.3.1/cucumber-core-4.3.1.jar:/Users/DRJetti/.m2/repository/io/cucumber/cucumber-html/0.2.7/cucumber-html-0.2.7.jar:/Users/DRJetti/.m2/repository/io/cucumber/gherkin/5.1.0/gherkin-5.1.0.jar:/Users/DRJetti/.m2/repository/io/cucumber/tag-expressions/1.1.1/tag-expressions-1.1.1.jar:/Users/DRJetti/.m2/repository/io/cucumber/cucumber-expressions/6.2.2/cucumber-expressions-6.2.2.jar:/Users/DRJetti/.m2/repository/io/cucumber/datatable/1.1.12/datatable-1.1.12.jar:/Users/DRJetti/.m2/repository/io/cucumber/datatable-dependencies/1.1.12/datatable-dependencies-1.1.12.jar:/Users/DRJetti/.m2/repository/io/cucumber/cucumber-java/4.3.1/cucumber-java-4.3.1.jar:"/>
    <property name="java.vm.vendor" value="Homebrew"/>
    <property name="sun.arch.data.model" value="64"/>
    <property name="java.vendor.url" value="https://github.com/Homebrew/homebrew-core/issues"/>
    <property name="os.name" value="Mac OS X"/>
    <property name="java.vm.specification.version" value="17"/>
    <property name="sun.java.launcher" value="SUN_STANDARD"/>
    <property name="user.country" value="SG"/>
    <property name="sun.boot.library.path" value="/usr/local/Cellar/openjdk/17.0.1_1/libexec/openjdk.jdk/Contents/Home/lib"/>
    <property name="sun.java.command" value="/Users/DRJetti/Downloads/Framework_With_Cucumber/target/surefire/surefirebooter13911317082759048766.jar /Users/DRJetti/Downloads/Framework_With_Cucumber/target/surefire 2022-07-29T20-20-49_357-jvmRun1 surefire341492749070034102tmp surefire_05203527291161445423tmp"/>
    <property name="jdk.debug" value="release"/>
    <property name="surefire.test.class.path" value="/Users/DRJetti/Downloads/Framework_With_Cucumber/target/test-classes:/Users/DRJetti/Downloads/Framework_With_Cucumber/target/classes:/Users/DRJetti/.m2/repository/io/github/bonigarcia/webdrivermanager/4.1.0/webdrivermanager-4.1.0.jar:/Users/DRJetti/.m2/repository/org/slf4j/slf4j-api/1.7.30/slf4j-api-1.7.30.jar:/Users/DRJetti/.m2/repository/com/google/code/gson/gson/2.8.6/gson-2.8.6.jar:/Users/DRJetti/.m2/repository/org/apache/commons/commons-lang3/3.10/commons-lang3-3.10.jar:/Users/DRJetti/.m2/repository/org/apache/httpcomponents/client5/httpclient5/5.0.1/httpclient5-5.0.1.jar:/Users/DRJetti/.m2/repository/org/apache/httpcomponents/core5/httpcore5/5.0.1/httpcore5-5.0.1.jar:/Users/DRJetti/.m2/repository/org/apache/httpcomponents/core5/httpcore5-h2/5.0.1/httpcore5-h2-5.0.1.jar:/Users/DRJetti/.m2/repository/org/rauschig/jarchivelib/1.0.0/jarchivelib-1.0.0.jar:/Users/DRJetti/.m2/repository/org/jsoup/jsoup/1.13.1/jsoup-1.13.1.jar:/Users/DRJetti/.m2/repository/commons-io/commons-io/2.8.0/commons-io-2.8.0.jar:/Users/DRJetti/.m2/repository/org/seleniumhq/selenium/selenium-java/3.141.59/selenium-java-3.141.59.jar:/Users/DRJetti/.m2/repository/org/seleniumhq/selenium/selenium-api/3.141.59/selenium-api-3.141.59.jar:/Users/DRJetti/.m2/repository/org/seleniumhq/selenium/selenium-chrome-driver/3.141.59/selenium-chrome-driver-3.141.59.jar:/Users/DRJetti/.m2/repository/org/seleniumhq/selenium/selenium-edge-driver/3.141.59/selenium-edge-driver-3.141.59.jar:/Users/DRJetti/.m2/repository/org/seleniumhq/selenium/selenium-firefox-driver/3.141.59/selenium-firefox-driver-3.141.59.jar:/Users/DRJetti/.m2/repository/org/seleniumhq/selenium/selenium-ie-driver/3.141.59/selenium-ie-driver-3.141.59.jar:/Users/DRJetti/.m2/repository/org/seleniumhq/selenium/selenium-opera-driver/3.141.59/selenium-opera-driver-3.141.59.jar:/Users/DRJetti/.m2/repository/org/seleniumhq/selenium/selenium-remote-driver/3.141.59/selenium-remote-driver-3.141.59.jar:/Users/DRJetti/.m2/repository/org/seleniumhq/selenium/selenium-safari-driver/3.141.59/selenium-safari-driver-3.141.59.jar:/Users/DRJetti/.m2/repository/org/seleniumhq/selenium/selenium-support/3.141.59/selenium-support-3.141.59.jar:/Users/DRJetti/.m2/repository/net/bytebuddy/byte-buddy/1.8.15/byte-buddy-1.8.15.jar:/Users/DRJetti/.m2/repository/org/apache/commons/commons-exec/1.3/commons-exec-1.3.jar:/Users/DRJetti/.m2/repository/com/google/guava/guava/25.0-jre/guava-25.0-jre.jar:/Users/DRJetti/.m2/repository/com/google/code/findbugs/jsr305/1.3.9/jsr305-1.3.9.jar:/Users/DRJetti/.m2/repository/org/checkerframework/checker-compat-qual/2.0.0/checker-compat-qual-2.0.0.jar:/Users/DRJetti/.m2/repository/com/google/errorprone/error_prone_annotations/2.1.3/error_prone_annotations-2.1.3.jar:/Users/DRJetti/.m2/repository/com/google/j2objc/j2objc-annotations/1.1/j2objc-annotations-1.1.jar:/Users/DRJetti/.m2/repository/org/codehaus/mojo/animal-sniffer-annotations/1.14/animal-sniffer-annotations-1.14.jar:/Users/DRJetti/.m2/repository/com/squareup/okhttp3/okhttp/3.11.0/okhttp-3.11.0.jar:/Users/DRJetti/.m2/repository/com/squareup/okio/okio/1.14.0/okio-1.14.0.jar:/Users/DRJetti/.m2/repository/org/testng/testng/7.3.0/testng-7.3.0.jar:/Users/DRJetti/.m2/repository/com/beust/jcommander/1.78/jcommander-1.78.jar:/Users/DRJetti/.m2/repository/org/apache/ant/ant/1.10.3/ant-1.10.3.jar:/Users/DRJetti/.m2/repository/org/apache/ant/ant-launcher/1.10.3/ant-launcher-1.10.3.jar:/Users/DRJetti/.m2/repository/junit/junit/4.12/junit-4.12.jar:/Users/DRJetti/.m2/repository/org/hamcrest/hamcrest-core/1.3/hamcrest-core-1.3.jar:/Users/DRJetti/.m2/repository/com/google/inject/guice/4.2.2/guice-4.2.2-no_aop.jar:/Users/DRJetti/.m2/repository/javax/inject/javax.inject/1/javax.inject-1.jar:/Users/DRJetti/.m2/repository/aopalliance/aopalliance/1.0/aopalliance-1.0.jar:/Users/DRJetti/.m2/repository/org/yaml/snakeyaml/1.21/snakeyaml-1.21.jar:/Users/DRJetti/.m2/repository/io/rest-assured/rest-assured/4.3.0/rest-assured-4.3.0.jar:/Users/DRJetti/.m2/repository/org/codehaus/groovy/groovy/3.0.2/groovy-3.0.2.jar:/Users/DRJetti/.m2/repository/org/codehaus/groovy/groovy-xml/3.0.2/groovy-xml-3.0.2.jar:/Users/DRJetti/.m2/repository/org/apache/httpcomponents/httpclient/4.5.3/httpclient-4.5.3.jar:/Users/DRJetti/.m2/repository/org/apache/httpcomponents/httpcore/4.4.6/httpcore-4.4.6.jar:/Users/DRJetti/.m2/repository/commons-logging/commons-logging/1.2/commons-logging-1.2.jar:/Users/DRJetti/.m2/repository/org/apache/httpcomponents/httpmime/4.5.3/httpmime-4.5.3.jar:/Users/DRJetti/.m2/repository/org/hamcrest/hamcrest/2.1/hamcrest-2.1.jar:/Users/DRJetti/.m2/repository/org/ccil/cowan/tagsoup/tagsoup/1.2.1/tagsoup-1.2.1.jar:/Users/DRJetti/.m2/repository/io/rest-assured/json-path/4.3.0/json-path-4.3.0.jar:/Users/DRJetti/.m2/repository/org/codehaus/groovy/groovy-json/3.0.2/groovy-json-3.0.2.jar:/Users/DRJetti/.m2/repository/io/rest-assured/rest-assured-common/4.3.0/rest-assured-common-4.3.0.jar:/Users/DRJetti/.m2/repository/io/rest-assured/xml-path/4.3.0/xml-path-4.3.0.jar:/Users/DRJetti/.m2/repository/jakarta/xml/bind/jakarta.xml.bind-api/2.3.2/jakarta.xml.bind-api-2.3.2.jar:/Users/DRJetti/.m2/repository/jakarta/activation/jakarta.activation-api/1.2.1/jakarta.activation-api-1.2.1.jar:/Users/DRJetti/.m2/repository/com/sun/xml/bind/jaxb-osgi/2.3.0.1/jaxb-osgi-2.3.0.1.jar:/Users/DRJetti/.m2/repository/org/apache/sling/org.apache.sling.javax.activation/0.1.0/org.apache.sling.javax.activation-0.1.0.jar:/Users/DRJetti/.m2/repository/javax/activation/activation/1.1.1/activation-1.1.1.jar:/Users/DRJetti/.m2/repository/org/apache/poi/poi/4.1.0/poi-4.1.0.jar:/Users/DRJetti/.m2/repository/commons-codec/commons-codec/1.12/commons-codec-1.12.jar:/Users/DRJetti/.m2/repository/org/apache/commons/commons-collections4/4.3/commons-collections4-4.3.jar:/Users/DRJetti/.m2/repository/org/apache/commons/commons-math3/3.6.1/commons-math3-3.6.1.jar:/Users/DRJetti/.m2/repository/org/apache/poi/poi-ooxml/4.1.0/poi-ooxml-4.1.0.jar:/Users/DRJetti/.m2/repository/org/apache/poi/poi-ooxml-schemas/4.1.0/poi-ooxml-schemas-4.1.0.jar:/Users/DRJetti/.m2/repository/org/apache/xmlbeans/xmlbeans/3.1.0/xmlbeans-3.1.0.jar:/Users/DRJetti/.m2/repository/org/apache/commons/commons-compress/1.18/commons-compress-1.18.jar:/Users/DRJetti/.m2/repository/com/github/virtuald/curvesapi/1.06/curvesapi-1.06.jar:/Users/DRJetti/.m2/repository/com/aventstack/extentreports/3.1.5/extentreports-3.1.5.jar:/Users/DRJetti/.m2/repository/org/freemarker/freemarker/2.3.23/freemarker-2.3.23.jar:/Users/DRJetti/.m2/repository/org/mongodb/mongodb-driver/3.3.0/mongodb-driver-3.3.0.jar:/Users/DRJetti/.m2/repository/org/mongodb/bson/3.3.0/bson-3.3.0.jar:/Users/DRJetti/.m2/repository/org/mongodb/mongodb-driver-core/3.3.0/mongodb-driver-core-3.3.0.jar:/Users/DRJetti/.m2/repository/io/cucumber/cucumber-testng/4.3.1/cucumber-testng-4.3.1.jar:/Users/DRJetti/.m2/repository/io/cucumber/cucumber-core/4.3.1/cucumber-core-4.3.1.jar:/Users/DRJetti/.m2/repository/io/cucumber/cucumber-html/0.2.7/cucumber-html-0.2.7.jar:/Users/DRJetti/.m2/repository/io/cucumber/gherkin/5.1.0/gherkin-5.1.0.jar:/Users/DRJetti/.m2/repository/io/cucumber/tag-expressions/1.1.1/tag-expressions-1.1.1.jar:/Users/DRJetti/.m2/repository/io/cucumber/cucumber-expressions/6.2.2/cucumber-expressions-6.2.2.jar:/Users/DRJetti/.m2/repository/io/cucumber/datatable/1.1.12/datatable-1.1.12.jar:/Users/DRJetti/.m2/repository/io/cucumber/datatable-dependencies/1.1.12/datatable-dependencies-1.1.12.jar:/Users/DRJetti/.m2/repository/io/cucumber/cucumber-java/4.3.1/cucumber-java-4.3.1.jar:"/>
    <property name="sun.cpu.endian" value="little"/>
    <property name="user.home" value="/Users/DRJetti"/>
    <property name="user.language" value="en"/>
    <property name="java.specification.vendor" value="Oracle Corporation"/>
    <property name="java.version.date" value="2021-10-19"/>
    <property name="java.home" value="/usr/local/Cellar/openjdk/17.0.1_1/libexec/openjdk.jdk/Contents/Home"/>
    <property name="file.separator" value="/"/>
    <property name="basedir" value="/Users/DRJetti/Downloads/Framework_With_Cucumber"/>
    <property name="java.vm.compressedOopsMode" value="Zero based"/>
    <property name="line.separator" value="&#10;"/>
    <property name="java.vm.specification.vendor" value="Oracle Corporation"/>
    <property name="java.specification.name" value="Java Platform API Specification"/>
    <property name="surefire.real.class.path" value="/Users/DRJetti/Downloads/Framework_With_Cucumber/target/surefire/surefirebooter13911317082759048766.jar"/>
    <property name="sun.management.compiler" value="HotSpot 64-Bit Tiered Compilers"/>
    <property name="java.runtime.version" value="17.0.1+1"/>
    <property name="user.name" value="DRJetti"/>
    <property name="path.separator" value=":"/>
    <property name="os.version" value="11.4"/>
    <property name="java.runtime.name" value="OpenJDK Runtime Environment"/>
    <property name="file.encoding" value="UTF-8"/>
    <property name="java.vm.name" value="OpenJDK 64-Bit Server VM"/>
    <property name="java.vendor.version" value="Homebrew"/>
    <property name="localRepository" value="/Users/DRJetti/.m2/repository"/>
    <property name="java.vendor.url.bug" value="https://github.com/Homebrew/homebrew-core/issues"/>
    <property name="java.io.tmpdir" value="/var/folders/tf/5_rz40z15ddc901s5m6xycsr0000gp/T/"/>
    <property name="java.version" value="17.0.1"/>
    <property name="user.dir" value="/Users/DRJetti/Downloads/Framework_With_Cucumber"/>
    <property name="os.arch" value="x86_64"/>
    <property name="java.vm.specification.name" value="Java Virtual Machine Specification"/>
    <property name="native.encoding" value="UTF-8"/>
    <property name="java.library.path" value="/Users/DRJetti/Library/Java/Extensions:/Library/Java/Extensions:/Network/Library/Java/Extensions:/System/Library/Java/Extensions:/usr/lib/java:."/>
    <property name="java.vm.info" value="mixed mode, sharing"/>
    <property name="java.vendor" value="Homebrew"/>
    <property name="java.vm.version" value="17.0.1+1"/>
    <property name="sun.io.unicode.encoding" value="UnicodeBig"/>
    <property name="java.class.version" value="61.0"/>
  </properties>
  <testcase name="runScenario" classname="com.salesforce.testcases.TC001_Login_Cucumber" time="3.182"/>
  <testcase name="runScenario" classname="com.salesforce.testcases.TC001_Login_Cucumber" time="3.027"/>
  <testcase name="runScenario" classname="com.salesforce.testcases.TC002_CreateLead_Cucumber" time="3.647"/>
  <testcase name="runScenario" classname="com.salesforce.testcases.TC002_CreateLead_Cucumber" time="3.3"/>
</testsuite>