<?xml version="1.0" encoding="UTF-8"?>
<!-- Generated by org.testng.reporters.JUnitReportReporter -->
<testsuite hostname="SGRO-299" failures="0" tests="2" name="com.salesforce.testcases.TC002_CreateLead_Cucumber" time="15.195" errors="0" timestamp="2022-07-29T20:31:03 SGT" skipped="0">
  <testcase classname="com.salesforce.testcases.TC002_CreateLead_Cucumber" name="runScenario" time="7.122"/>
  <system-out/>
  <testcase classname="com.salesforce.testcases.TC002_CreateLead_Cucumber" name="runScenario" time="8.073"/>
  <system-out/>
</testsuite> <!-- com.salesforce.testcases.TC002_CreateLead_Cucumber -->
