<?xml version="1.0" encoding="UTF-8"?>
<!-- Generated by org.testng.reporters.JUnitReportReporter -->
<testsuite hostname="SGRO-299" failures="0" tests="2" name="com.salesforce.testcases.TC002_CreateLead_Cucumber" time="17.829" errors="0" timestamp="2022-07-29T20:21:32 SGT" skipped="0">
  <testcase classname="com.salesforce.testcases.TC002_CreateLead_Cucumber" name="runScenario" time="9.277"/>
  <system-out/>
  <testcase classname="com.salesforce.testcases.TC002_CreateLead_Cucumber" name="runScenario" time="8.552"/>
  <system-out/>
</testsuite> <!-- com.salesforce.testcases.TC002_CreateLead_Cucumber -->
